sem: startloopscope not implemented
sem: dofor not implemented
sem: startloopscope not implemented
sem: dowhile not implemented
sem: startloopscope not implemented
sem: dofor not implemented
func main 1
localloc i 1 4
localloc c 1 4
localloc f 17 1024
localloc total 1 4
localloc x 4 8
localloc y 4 8
bgnstmt 6
t1 := local total 3
t2 := 0
t3 := t1 =i t2
bgnstmt 7
t4 := local i 0
t5 := 0
t6 := t4 =i t5
label L1
t7 := local i 0
t8 := @i t7
t9 := 128
t10 := t8 <i t9
bt t10 B1
br B2
label L2
t11 := local i 0
t12 := 1
t13 := @i t11
t14 := t13 +i t12
t15 := t11 =i t14
br B3
label L3
bgnstmt 7
t16 := local i 0
t17 := @i t16
t18 := local f 2
t19 := t18 []i t17
t20 := 0
t21 := cvf t20
t22 := cvf t21
t23 := t19 =f t22
br B4
label L4
bgnstmt 9
label L5
t24 := local c 1
t25 := global getchar
t26 := fi t25 0
t27 := t24 =i t26
t28 := 1
t29 := -i t28
t30 := t27 !=i t29
bt t30 B5
br B6
label L6
bgnstmt 9
bgnstmt 10
t31 := local c 1
t32 := 127
t33 := @i t31
t34 := t33 &i t32
t35 := t31 =i t34
bgnstmt 11
t36 := local c 1
t37 := @i t36
t38 := local f 2
t39 := t38 []i t37
t40 := 1
t41 := @i t39
t42 := t41 +i t40
t43 := t39 =f t42
bgnstmt 12
t44 := local total 3
t45 := 1
t46 := @i t44
t47 := t46 +i t45
t48 := t44 =i t47
br B7
label L7
bgnstmt 14
t49 := "letter	count	frequency\n"
argi t49
t50 := global printf
t51 := fi t50 1 t49
bgnstmt 15
t52 := local i 0
t53 := 0
t54 := t52 =i t53
label L8
t55 := local i 0
t56 := @i t55
t57 := 128
t58 := t56 <i t57
bt t58 B8
br B9
label L9
t59 := local i 0
t60 := 1
t61 := @i t59
t62 := t61 +i t60
t63 := t59 =i t62
br B10
label L10
bgnstmt 15
t64 := local i 0
t65 := @i t64
t66 := local f 2
t67 := t66 []i t65
t68 := @i t67
t69 := 0
t70 := t68 !=i t69
bt t70 B11
br B12
label L11
bgnstmt 16
bgnstmt 17
t71 := local i 0
t72 := @i t71
t73 := 32
t74 := t72 <=i t73
bt t74 B13
br B14
label L12
bgnstmt 17
t75 := "%d"
t76 := local i 0
t77 := @i t76
argi t75
argi t77
t78 := global printf
t79 := fi t78 2 t75 t77
br B15
label L13
bgnstmt 19
t80 := "%c"
t81 := local i 0
t82 := @i t81
argi t80
argi t82
t83 := global printf
t84 := fi t83 2 t80 t82
label L14
B13=L12
B14=L13
B15=L14
bgnstmt 21
t85 := local x 4
t86 := local i 0
t87 := @i t86
t88 := local f 2
t89 := t88 []i t87
t90 := @i t89
t91 := cvf t90
t92 := cvf t91
t93 := t85 =f t92
bgnstmt 22
t94 := local y 5
t95 := local total 3
t96 := @i t95
t97 := cvf t96
t98 := cvf t97
t99 := t94 =f t98
bgnstmt 23
t100 := local x 4
t101 := local y 5
t102 := @f t101
t103 := @f t100
t104 := t103 /f t102
t105 := t100 =f t104
bgnstmt 24
t106 := "\t%d\t%f\n"
t107 := local i 0
t108 := @i t107
t109 := local f 2
t110 := t109 []i t108
t111 := @i t110
t112 := local x 4
t113 := @f t112
argi t106
argi t111
argf t113
t114 := global printf
t115 := fi t114 3 t106 t111 t113
label L15
B70=L11
B11=L11
B70=L11
B12=L11
br B16
label L16
fend
