sem: startloopscope not implemented
sem: dofor not implemented
sem: startloopscope not implemented
sem: dofor not implemented
sem: startloopscope not implemented
sem: ccand not implemented
sem: ccand not implemented
sem: dofor not implemented
sem: startloopscope not implemented
alloc up 17 64
alloc down 17 64
alloc rows 17 32
alloc x 17 32
func main 1
localloc i 1 4
bgnstmt 10
t1 := local i 0
t2 := 0
t3 := t1 =i t2
label L1
t4 := local i 0
t5 := @i t4
t6 := 16
t7 := t5 <i t6
bt t7 B1
br B2
label L2
t8 := local i 0
t9 := 1
t10 := @i t8
t11 := t10 +i t9
t12 := t8 =i t11
br B3
label L3
bgnstmt 10
t13 := local i 0
t14 := @i t13
t15 := global up
t16 := t15 []i t14
t17 := local i 0
t18 := @i t17
t19 := global down
t20 := t19 []i t18
t21 := 0
t22 := cvf t21
t23 := cvf t22
t24 := t20 =f t23
t25 := cvf t24
t26 := cvf t25
t27 := t16 =f t26
br B4
label L4
bgnstmt 12
t28 := local i 0
t29 := 0
t30 := t28 =i t29
label L5
t31 := local i 0
t32 := @i t31
t33 := 8
t34 := t32 <i t33
bt t34 B5
br B6
label L6
t35 := local i 0
t36 := 1
t37 := @i t35
t38 := t37 +i t36
t39 := t35 =i t38
br B7
label L7
bgnstmt 12
t40 := local i 0
t41 := @i t40
t42 := global rows
t43 := t42 []i t41
t44 := local i 0
t45 := @i t44
t46 := global x
t47 := t46 []i t45
t48 := 0
t49 := cvf t48
t50 := cvf t49
t51 := t47 =f t50
t52 := cvf t51
t53 := cvf t52
t54 := t43 =f t53
br B8
label L8
bgnstmt 14
t55 := 0
argi t55
t56 := global queens
t57 := fi t56 1 t55
fend
func queens 1
formal c 1 4
localloc r 1 4
bgnstmt 21
t58 := local r 0
t59 := 0
t60 := t58 =i t59
label L9
t61 := local r 0
t62 := @i t61
t63 := 8
t64 := t62 <i t63
bt t64 B9
br B10
label L10
t65 := local r 0
t66 := 1
t67 := @i t65
t68 := t67 +i t66
t69 := t65 =i t68
br B11
label L11
bgnstmt 21
t70 := local r 0
t71 := @i t70
t72 := global rows
t73 := t72 []i t71
t74 := @i t73
t75 := 0
t76 := t74 ==i t75
bt t76 B12
br B13
label L12
t77 := local r 0
t78 := @i t77
t79 := param c 0
t80 := @i t79
t81 := t78 -i t80
t82 := 7
t83 := t81 +i t82
t84 := global up
t85 := t84 []i t83
t86 := @i t85
t87 := 0
t88 := t86 ==i t87
bt t88 B14
br B15
label L13
t89 := local r 0
t90 := @i t89
t91 := param c 0
t92 := @i t91
t93 := t90 +i t92
t94 := global down
t95 := t94 []i t93
t96 := @i t95
t97 := 0
t98 := t96 ==i t97
bt t98 B16
br B17
label L14
bgnstmt 22
bgnstmt 23
t99 := local r 0
t100 := @i t99
t101 := global rows
t102 := t101 []i t100
t103 := 1
t104 := cvf t103
t105 := cvf t104
t106 := t102 =f t105
bgnstmt 24
t107 := local r 0
t108 := @i t107
t109 := param c 0
t110 := @i t109
t111 := t108 -i t110
t112 := 7
t113 := t111 +i t112
t114 := global up
t115 := t114 []i t113
t116 := 1
t117 := cvf t116
t118 := cvf t117
t119 := t115 =f t118
bgnstmt 25
t120 := local r 0
t121 := @i t120
t122 := param c 0
t123 := @i t122
t124 := t121 +i t123
t125 := global down
t126 := t125 []i t124
t127 := 1
t128 := cvf t127
t129 := cvf t128
t130 := t126 =f t129
bgnstmt 26
t131 := param c 0
t132 := @i t131
t133 := global x
t134 := t133 []i t132
t135 := local r 0
t136 := @i t135
t137 := cvf t136
t138 := cvf t137
t139 := t134 =f t138
bgnstmt 27
t140 := param c 0
t141 := @i t140
t142 := 7
t143 := t141 ==i t142
bt t143 B18
br B19
label L15
bgnstmt 27
t144 := global print
t145 := fi t144 0
br B20
label L16
bgnstmt 29
t146 := param c 0
t147 := @i t146
t148 := 1
t149 := t147 +i t148
argi t149
t150 := global queens
t151 := fi t150 1 t149
label L17
B18=L15
B19=L16
B20=L17
bgnstmt 31
t152 := local r 0
t153 := @i t152
t154 := global rows
t155 := t154 []i t153
t156 := 0
t157 := cvf t156
t158 := cvf t157
t159 := t155 =f t158
bgnstmt 32
t160 := local r 0
t161 := @i t160
t162 := param c 0
t163 := @i t162
t164 := t161 -i t163
t165 := 7
t166 := t164 +i t165
t167 := global up
t168 := t167 []i t166
t169 := 0
t170 := cvf t169
t171 := cvf t170
t172 := t168 =f t171
bgnstmt 33
t173 := local r 0
t174 := @i t173
t175 := param c 0
t176 := @i t175
t177 := t174 +i t176
t178 := global down
t179 := t178 []i t177
t180 := 0
t181 := cvf t180
t182 := cvf t181
t183 := t179 =f t182
label L18
br B21
label L19
fend
func print 1
localloc k 1 4
bgnstmt 41
t184 := local k 0
t185 := 0
t186 := t184 =i t185
label L20
t187 := local k 0
t188 := @i t187
t189 := 8
t190 := t188 <i t189
bt t190 B22
br B23
label L21
t191 := local k 0
t192 := 1
t193 := @i t191
t194 := t193 +i t192
t195 := t191 =i t194
br B24
label L22
bgnstmt 41
t196 := " %d"
t197 := local k 0
t198 := @i t197
t199 := sem: dofor not implemented
global x
t200 := t199 []i t198
t201 := @i t200
argi t196
argi t201
t202 := global printf
t203 := fi t202 2 t196 t201
br B25
label L23
bgnstmt 43
t204 := "\n"
argi t204
t205 := global printf
t206 := fi t205 1 t204
fend
